<?xml version="1.0" encoding="UTF-8"?>
<!-- Generated by org.testng.reporters.JUnitReportReporter -->
<testsuite hostname="LAPTOP-KKVPCLCR" failures="0" tests="4" name="test.RgstrTest" time="13.737" errors="0" timestamp="18 Aug 2022 14:19:28 GMT" skipped="0">
  <testcase classname="test.RgstrTest" name="rgstrSucssfl" time="13.734"/>
  <testcase classname="test.RgstrTest" name="loginSucssfl" time="0.001"/>
  <testcase classname="test.RgstrTest" name="chngPswrdSucsfl" time="0.001"/>
  <testcase classname="test.RgstrTest" name="logoutSucssfl" time="0.001"/>
</testsuite> <!-- test.RgstrTest -->
