<?xml version="1.0" encoding="UTF-8"?>
<!-- Generated by org.testng.reporters.JUnitReportReporter -->
<testsuite skipped="0" hostname="Me-PC" name="test.CrncyTest" tests="1" failures="0" timestamp="08 Apr 2019 14:49:00 GMT" time="3.608" errors="0">
  <testcase name="chngCrncyScsfl" time="3.608" classname="test.CrncyTest"/>
</testsuite> <!-- test.CrncyTest -->
