<?xml version="1.0" encoding="UTF-8"?>
<!-- Generated by org.testng.reporters.JUnitReportReporter -->
<testsuite skipped="1" hostname="Me-PC" name="test.FavTst" tests="3" failures="0" timestamp="08 Apr 2019 14:49:00 GMT" time="6.914" errors="0">
  <testcase name="loginSucssfl" time="2.535" classname="test.FavTst"/>
  <testcase name="srchSucsfl" time="4.379" classname="test.FavTst"/>
  <testcase name="unfavSucsfl" classname="test.FavTst">
    <skipped/>
  </testcase> <!-- unfavSucsfl -->
</testsuite> <!-- test.FavTst -->
