<?xml version="1.0" encoding="UTF-8"?>
<!-- Generated by org.testng.reporters.JUnitReportReporter -->
<testsuite skipped="0" hostname="Me-PC" name="test.SrchTest" tests="1" failures="0" timestamp="08 Apr 2019 14:49:00 GMT" time="8.060" errors="0">
  <testcase name="srchSucsfl" time="8.060" classname="test.SrchTest"/>
</testsuite> <!-- test.SrchTest -->
